data11a.pair.net
data12a.pair.net
data10a.pair.net
data14a.pair.net
data17a.pair.net
data13a.pair.net
data15a.pair.net
data16a.pair.net
data18a.pair.net
data19a.pair.net
data20a.pair.net
data1a.pair.net
data21a.pair.net
data4a.pair.net
data2a.pair.net
data5a.pair.net
data3a.pair.net
data6a.pair.net
mon2a.pair.net
data7a.pair.net
data8a.pair.net
data9a.pair.net
mon3a.pair.net
mon1a.pair.net
acc2.pair2000.com
acc3.pair2000.com
data1b.pair.net
data2b.pair.net
data3b.pair.net
data4b.pair.net
mon1b.pair.net
mon2b.pair.net
mon3b.pair.net
ayochum.dev.pairnic.net
back1.den.pair.net
db1b.webmail.pair.com
betamax.pair.net
bsdtena.pair.net
bsdteni.pair.net
cbs2.pair.com
cirqvps1.pair.net
cirqvps2.pair.net
cbsy.pair.com
data.phone.pair.net
deploy10.pair.com
dev.pairnic.net
dev2.pair2000.com
dev3.pair2000.com
dev4.pair2000.com
elazig.pair.com
eta2.pair.com
eta3.pair.com
eta4.pair.com
eta6.pair.com
eta9.pair.com
hal.mypair.net
iddhi.pair.com
kerb2.pair.net
eta7.pair.com
koloda.pair.com
deploy-lin.den.pair.net
deploy-lin.pair.com
kyack.pair.com
lbcirqa.pair.net
lbcirqb.pair.net
lin3.pair.com
lin1.pair.com
deploy-lin12.pair.com
deploy-lin12.v4.pair.com
dev.intra.pair.net
mayon.pair.com
mmecc.pair.com
mrubs2.den.pair.net
mrubs1.den.pair.net
mrubs3.den.pair.net
mrubs4.acm.pair.net
mrubs5.den.pair.net
mrubs2.acm.pair.net
mrubs6.den.pair.net
mrubs5.acm.pair.net
mrubs6.acm.pair.net
mrubs7.acm.pair.net
mrubs3.acm.pair.net
mrubs8.acm.pair.net
mrubs7.cle.pair.net
mrubs9.acm.pair.net
mrubs8.cle.pair.net
mrubs10.cle.pair.net
mrubs12.acm.pair.net
mrubs11.cle.pair.net
mrubs13.pair.net
mrubs12.cle.pair.net
mrubs13.cle.pair.net
mrubs15.pair.net
mrubs17.pair.net
mrubs16.acm.pair.net
staging-my.pair.com
mrubs4.den.pair.net
news.pair.com
ntp0.pair.com
osc1.pit.pair.net
osc2.pit.pair.net
osc3.pit.pair.net
oscomp1.pit.pair.net
oscomp3.pit.pair.net
oscomp2.pit.pair.net
oscomp4.pit.pair.net
puppet.pair.net
qs897.pair.com
qs2562.pair.com
qs3852.pair.com
mrubs-restricted.acm.pair.net
rt.pair.net
sgrubs4.pair.net
smx.pair.com
tako.pair2000.com
tkt.pair.com
tktfs.pair.com
tudmt.pair.com
tktdb.pair.com
vpn2.den.pair.net
vpn2.pit.pair.net
vps01.pair.net
vps1.v2.pair.net
vps1.den.pair.net
vps1.v4.pair.net
vps1.v3.pair.net
vps02.pair.net
vps2.v2.pair.net
vps2.v3.pair.net
vps2.v4.pair.net
vps2.den.pair.net
vps03.pair.net
vps3.v2.pair.net
vps3.den.pair.net
vps4.v2.pair.net
vps4.v4.pair.net
vps4.v3.pair.net
vps5.v2.pair.net
vps5.v3.pair.net
vps6.pair.net
vps6.v2.pair.net
vps6.v3.pair.net
vps7.pair.net
vps7.v2.pair.net
vps7.v3.pair.net
vps8.pair.net
vps9.pair.net
vps10.pair.net
vps11.pair.net
vps12.pair.net
vps13.pair.net
vps14.pair.net
vps15.pair.net
vps16.pair.net
vps17.pair.net
vps18.pair.net
vps19.pair.net
vps21.pair.net
vps22.pair.net
vps24.pair.net
vps25.pair.net
vps26.pair.net
vps28.pair.net
vps29.pair.net
vps30.pair.net
vps31.pair.net
vps32.pair.net
vps33.pair.net
vps34.pair.net
vps35.pair.net
vps36.pair.net
vps39.pair.net
vps40.pair.net
vps41.pair.net
vps42.pair.net
vps43.pair.net
vps44.pair.net
vps45.pair.net
vps46.pair.net
vps47.pair.net
vps48.pair.net
vps51.pair.net
vps52.pair.net
vps53.pair.net
vps54.pair.net
vps55.pair.net
vps56.pair.net
vps3.v3.pair.net
vps3.v4.pair.net
vps57.pair.net
vps58.pair.net
vps59.pair.net
vps60.pair.net
vps61.pair.net
vps100.pair.net
vps101.pair.net
vps102.pair.net
vps103.pair.net
vps104.pair.net
vps105.pair.net
vps106.pair.net
vps107.pair.net
vps108.pair.net
vqs17.pair.com
vps101.pairvps.com
atmail-web3.pair.com
web2.pair.com
web5.pair.com
web6.pair.com
wright.dev.pairnic.net
yodh.pair.com
vqs578.pair.com
